Base path: C:/Program Files/Unity/Editor/Data
Pipe name: \\.\pipe\UnityShaderCompiler-64bit-1-10824
Cmd: getPlatforms
Cmd: preprocess
  insize=291 outsize=291 ok=1
Cmd: preprocess
  insize=296 outsize=296 ok=1
Cmd: preprocess
  insize=297 outsize=297 ok=1
Cmd: preprocess
  insize=299 outsize=299 ok=1
Cmd: preprocess
  insize=1855 outsize=363 ok=1
Cmd: compileSnippet
  api=4 type=0 insize=1791 outsize=1445 kw= ok=1
Cmd: compileSnippet
  api=4 type=1 insize=1791 outsize=770 kw= ok=1
Cmd: preprocess
  insize=1883 outsize=363 ok=1
Cmd: compileSnippet
  error: 1 plat 4 at (54): 'rand': implicit truncation of vector type\nCompiling Vertex program
  error: 2 plat 4 at (63): undeclared identifier 'coordinate'\nCompiling Vertex program
  api=4 type=0 insize=1820 outsize=0 kw= ok=0
Cmd: preprocess
  insize=1897 outsize=362 ok=1
Cmd: compileSnippet
  api=4 type=0 insize=1834 outsize=1445 kw= ok=1
Cmd: compileSnippet
  api=4 type=1 insize=1834 outsize=827 kw= ok=1
Cmd: preprocess
  insize=1854 outsize=362 ok=1
Cmd: preprocess
  insize=1875 outsize=366 ok=1
Cmd: compileSnippet
  api=4 type=0 insize=1809 outsize=1445 kw= ok=1
Cmd: compileSnippet
  api=4 type=1 insize=1809 outsize=868 kw= ok=1
Cmd: preprocess
  insize=1858 outsize=366 ok=1
Cmd: preprocess
  insize=1877 outsize=365 ok=1
Cmd: compileSnippet
  api=4 type=0 insize=1811 outsize=1445 kw= ok=1
Cmd: compileSnippet
  api=4 type=1 insize=1811 outsize=770 kw= ok=1
Cmd: preprocess
  insize=1895 outsize=366 ok=1
Cmd: compileSnippet
  api=4 type=0 insize=1829 outsize=1445 kw= ok=1
Cmd: compileSnippet
  api=4 type=1 insize=1829 outsize=868 kw= ok=1
Cmd: compileSnippet
  api=4 type=0 insize=2805 outsize=2517 kw= ok=1
Cmd: compileSnippet
  api=4 type=1 insize=2805 outsize=681 kw= ok=1
Cmd: compileSnippet
  api=4 type=0 insize=5974 outsize=4061 kw=LIGHTMAP_OFF DIRLIGHTMAP_OFF DYNAMICLIGHTMAP_OFF HDR_LIGHT_PREPASS_OFF ok=1
Cmd: compileSnippet
  api=4 type=1 insize=5974 outsize=1347 kw=LIGHTMAP_OFF DIRLIGHTMAP_OFF DYNAMICLIGHTMAP_OFF HDR_LIGHT_PREPASS_OFF ok=1
Cmd: compileSnippet
  api=4 type=0 insize=5928 outsize=3785 kw=LIGHTMAP_OFF DIRLIGHTMAP_OFF DYNAMICLIGHTMAP_OFF HDR_LIGHT_PREPASS_OFF ok=1
Cmd: compileSnippet
  api=4 type=1 insize=5928 outsize=1632 kw=LIGHTMAP_OFF DIRLIGHTMAP_OFF DYNAMICLIGHTMAP_OFF HDR_LIGHT_PREPASS_OFF ok=1
Cmd: compileSnippet
  api=4 type=0 insize=2996 outsize=2468 kw= ok=1
Cmd: compileSnippet
  api=4 type=1 insize=2996 outsize=1298 kw= ok=1
Cmd: preprocess
  insize=1882 outsize=366 ok=1
Cmd: compileSnippet
  api=4 type=0 insize=1816 outsize=1445 kw= ok=1
Cmd: compileSnippet
  api=4 type=1 insize=1816 outsize=770 kw= ok=1
Cmd: preprocess
  insize=1858 outsize=367 ok=1
Cmd: compileSnippet
  error: 1 plat 4 at (54): 'rand': implicit truncation of vector type\nCompiling Vertex program
  error: 2 plat 4 at (68): undeclared identifier '_MainTex'\nCompiling Vertex program
  api=4 type=0 insize=1791 outsize=0 kw= ok=0
Cmd: preprocess
  insize=1820 outsize=366 ok=1
Cmd: compileSnippet
  api=4 type=0 insize=1754 outsize=1445 kw= ok=1
Cmd: compileSnippet
  api=4 type=1 insize=1754 outsize=770 kw= ok=1
Cmd: preprocess
  insize=1820 outsize=366 ok=1
Cmd: compileSnippet
  api=4 type=0 insize=1754 outsize=1445 kw= ok=1
Cmd: compileSnippet
  api=4 type=1 insize=1754 outsize=770 kw= ok=1
Cmd: preprocess
  insize=1796 outsize=367 ok=1
Cmd: compileSnippet
  api=4 type=0 insize=1729 outsize=1445 kw= ok=1
Cmd: compileSnippet
  api=4 type=1 insize=1729 outsize=770 kw= ok=1
Cmd: preprocess
  insize=1820 outsize=366 ok=1
Cmd: preprocess
  insize=1820 outsize=366 ok=1
Cmd: preprocess
  insize=1884 outsize=407 ok=1
Cmd: compileSnippet
  api=4 type=0 insize=1779 outsize=1445 kw= ok=1
Cmd: compileSnippet
  api=4 type=1 insize=1779 outsize=770 kw= ok=1
Cmd: preprocess
  insize=2944 outsize=498 ok=1
Cmd: compileSnippet
  api=4 type=0 insize=2747 outsize=1323 kw= ok=1
Cmd: compileSnippet
  api=4 type=1 insize=2747 outsize=722 kw= ok=1
Cmd: preprocess
  insize=2952 outsize=498 ok=1
Cmd: compileSnippet
  api=4 type=0 insize=2755 outsize=1323 kw= ok=1
Cmd: compileSnippet
  api=4 type=1 insize=2755 outsize=722 kw= ok=1
Cmd: preprocess
  insize=2915 outsize=460 ok=1
Cmd: compileSnippet
  api=4 type=0 insize=2756 outsize=1323 kw= ok=1
Cmd: compileSnippet
  api=4 type=1 insize=2756 outsize=722 kw= ok=1
Cmd: preprocess
  insize=2917 outsize=460 ok=1
Cmd: compileSnippet
  api=4 type=0 insize=2758 outsize=1323 kw= ok=1
Cmd: compileSnippet
  api=4 type=1 insize=2758 outsize=876 kw= ok=1
Cmd: preprocess
  insize=2915 outsize=460 ok=1
Cmd: preprocess
  insize=2917 outsize=460 ok=1
Cmd: preprocess
  insize=1859 outsize=407 ok=1
Cmd: compileSnippet
  api=4 type=0 insize=1754 outsize=1445 kw= ok=1
Cmd: compileSnippet
  api=4 type=1 insize=1754 outsize=770 kw= ok=1
Cmd: preprocess
  insize=1795 outsize=366 ok=1
Cmd: preprocess
  insize=1796 outsize=367 ok=1
Cmd: preprocess
  insize=1680 outsize=367 ok=1
Cmd: compileSnippet
  api=4 type=0 insize=1613 outsize=1217 kw= ok=1
Cmd: compileSnippet
  api=4 type=1 insize=1613 outsize=770 kw= ok=1
Cmd: preprocess
  insize=1810 outsize=366 ok=1
Cmd: compileSnippet
  api=4 type=0 insize=1744 outsize=1445 kw= ok=1
Cmd: compileSnippet
  api=4 type=1 insize=1744 outsize=868 kw= ok=1
Cmd: preprocess
  insize=1810 outsize=366 ok=1
Cmd: compileSnippet
  api=4 type=0 insize=1744 outsize=1445 kw= ok=1
Cmd: compileSnippet
  api=4 type=1 insize=1744 outsize=868 kw= ok=1
Cmd: preprocess
  insize=2004 outsize=366 ok=1
Cmd: compileSnippet
  api=4 type=0 insize=1938 outsize=1445 kw= ok=1
Cmd: compileSnippet
  api=4 type=1 insize=1938 outsize=2127 kw= ok=1
Cmd: preprocess
  insize=2023 outsize=366 ok=1
Cmd: compileSnippet
  error: 1 plat 4 at (53): 'rand': implicit truncation of vector type\nCompiling Vertex program
  error: 2 plat 4 at (73): unrecognized identifier 'f'\nCompiling Vertex program
  api=4 type=0 insize=1957 outsize=0 kw= ok=0
Cmd: preprocess
  insize=2023 outsize=365 ok=1
Cmd: compileSnippet
  api=4 type=0 insize=1957 outsize=1445 kw= ok=1
Cmd: compileSnippet
  api=4 type=1 insize=1957 outsize=2143 kw= ok=1
Cmd: preprocess
  insize=2024 outsize=365 ok=1
Cmd: compileSnippet
  api=4 type=0 insize=1958 outsize=1445 kw= ok=1
Cmd: compileSnippet
  api=4 type=1 insize=1958 outsize=2143 kw= ok=1
Cmd: preprocess
  insize=2143 outsize=366 ok=1
Cmd: compileSnippet
  api=4 type=0 insize=2077 outsize=1445 kw= ok=1
Cmd: compileSnippet
  api=4 type=1 insize=2077 outsize=2363 kw= ok=1
Cmd: preprocess
  insize=2143 outsize=366 ok=1
Cmd: compileSnippet
  api=4 type=0 insize=2077 outsize=1445 kw= ok=1
Cmd: compileSnippet
  api=4 type=1 insize=2077 outsize=2363 kw= ok=1
Cmd: preprocess
  insize=2141 outsize=364 ok=1
Cmd: preprocess
  insize=2143 outsize=366 ok=1
Cmd: preprocess
  insize=1716 outsize=403 ok=1
Cmd: compileSnippet
  api=4 type=0 insize=1615 outsize=1217 kw= ok=1
Cmd: compileSnippet
  api=4 type=1 insize=1615 outsize=770 kw= ok=1
Cmd: preprocess
  insize=2064 outsize=403 ok=1
Cmd: compileSnippet
  api=4 type=0 insize=1963 outsize=1217 kw= ok=1
Cmd: compileSnippet
  api=4 type=1 insize=1963 outsize=2363 kw= ok=1
Cmd: preprocess
  insize=2064 outsize=402 ok=1
Cmd: compileSnippet
  api=4 type=0 insize=1963 outsize=1217 kw= ok=1
Cmd: compileSnippet
  api=4 type=1 insize=1963 outsize=2363 kw= ok=1
Cmd: preprocess
  insize=2147 outsize=366 ok=1
Cmd: compileSnippet
  api=4 type=0 insize=2081 outsize=1445 kw= ok=1
Cmd: compileSnippet
  api=4 type=1 insize=2081 outsize=770 kw= ok=1
Cmd: preprocess
  insize=2064 outsize=403 ok=1
Cmd: compileSnippet
  api=4 type=0 insize=1963 outsize=1217 kw= ok=1
Cmd: compileSnippet
  api=4 type=1 insize=1963 outsize=2363 kw= ok=1
Cmd: preprocess
  insize=2064 outsize=403 ok=1
Cmd: compileSnippet
  api=4 type=0 insize=1963 outsize=1217 kw= ok=1
Cmd: compileSnippet
  api=4 type=1 insize=1963 outsize=2363 kw= ok=1
Cmd: preprocess
  insize=2064 outsize=402 ok=1
Cmd: preprocess
  insize=2072 outsize=403 ok=1
Cmd: compileSnippet
  api=4 type=0 insize=1971 outsize=1217 kw= ok=1
Cmd: compileSnippet
  api=4 type=1 insize=1971 outsize=2363 kw= ok=1
Cmd: preprocess
  insize=2114 outsize=402 ok=1
Cmd: compileSnippet
  api=4 type=0 insize=2013 outsize=1217 kw= ok=1
Cmd: compileSnippet
  api=4 type=1 insize=2013 outsize=2330 kw= ok=1
Cmd: preprocess
  insize=2104 outsize=403 ok=1
Cmd: compileSnippet
  api=4 type=0 insize=2003 outsize=1217 kw= ok=1
Cmd: compileSnippet
  api=4 type=1 insize=2003 outsize=1827 kw= ok=1
Cmd: preprocess
  insize=2109 outsize=403 ok=1
Cmd: compileSnippet
  api=4 type=0 insize=2008 outsize=1217 kw= ok=1
Cmd: compileSnippet
  api=4 type=1 insize=2008 outsize=2371 kw= ok=1
Cmd: preprocess
  insize=2109 outsize=402 ok=1
Cmd: compileSnippet
  api=4 type=0 insize=2008 outsize=1217 kw= ok=1
Cmd: compileSnippet
  api=4 type=1 insize=2008 outsize=2265 kw= ok=1
Cmd: preprocess
  insize=2114 outsize=403 ok=1
Cmd: compileSnippet
  api=4 type=0 insize=2013 outsize=1217 kw= ok=1
Cmd: compileSnippet
  api=4 type=1 insize=2013 outsize=2225 kw= ok=1
Cmd: preprocess
  insize=2104 outsize=403 ok=1
Cmd: compileSnippet
  api=4 type=0 insize=2003 outsize=1217 kw= ok=1
Cmd: compileSnippet
  api=4 type=1 insize=2003 outsize=1753 kw= ok=1
Cmd: preprocess
  insize=2114 outsize=403 ok=1
Cmd: preprocess
  insize=2120 outsize=402 ok=1
Cmd: compileSnippet
  api=4 type=0 insize=2019 outsize=1217 kw= ok=1
Cmd: compileSnippet
  api=4 type=1 insize=2019 outsize=2265 kw= ok=1
Cmd: preprocess
  insize=2124 outsize=403 ok=1
Cmd: compileSnippet
  api=4 type=0 insize=2023 outsize=1217 kw= ok=1
Cmd: compileSnippet
  api=4 type=1 insize=2023 outsize=2062 kw= ok=1
Cmd: preprocess
  insize=2124 outsize=403 ok=1
Cmd: compileSnippet
  api=4 type=0 insize=2023 outsize=1217 kw= ok=1
Cmd: compileSnippet
  api=4 type=1 insize=2023 outsize=2282 kw= ok=1
Cmd: preprocess
  insize=2143 outsize=366 ok=1
Cmd: preprocess
  insize=2149 outsize=366 ok=1
Cmd: compileSnippet
  api=4 type=0 insize=2083 outsize=1445 kw= ok=1
Cmd: compileSnippet
  api=4 type=1 insize=2083 outsize=2282 kw= ok=1
Cmd: preprocess
  insize=2124 outsize=403 ok=1
Cmd: preprocess
  insize=2146 outsize=425 ok=1
Cmd: compileSnippet
  api=4 type=0 insize=2023 outsize=1217 kw= ok=1
Cmd: compileSnippet
  api=4 type=1 insize=2023 outsize=2282 kw= ok=1
Cmd: preprocess
  insize=2146 outsize=425 ok=1
Cmd: preprocess
  insize=2146 outsize=425 ok=1
Cmd: compileSnippet
  api=4 type=0 insize=2023 outsize=1217 kw= ok=1
Cmd: compileSnippet
  api=4 type=1 insize=2023 outsize=2282 kw= ok=1
Cmd: preprocess
  insize=2148 outsize=425 ok=1
Cmd: compileSnippet
  api=4 type=0 insize=2025 outsize=1217 kw= ok=1
Cmd: compileSnippet
  api=4 type=1 insize=2025 outsize=2282 kw= ok=1
Cmd: preprocess
  insize=2144 outsize=425 ok=1
Cmd: compileSnippet
  api=4 type=0 insize=2021 outsize=1217 kw= ok=1
Cmd: compileSnippet
  api=4 type=1 insize=2021 outsize=2371 kw= ok=1
Cmd: preprocess
  insize=2145 outsize=425 ok=1
Cmd: compileSnippet
  api=4 type=0 insize=2022 outsize=1217 kw= ok=1
Cmd: compileSnippet
  api=4 type=1 insize=2022 outsize=2371 kw= ok=1
Cmd: preprocess
  insize=2148 outsize=366 ok=1
Cmd: compileSnippet
  api=4 type=0 insize=2082 outsize=1445 kw= ok=1
Cmd: compileSnippet
  api=4 type=1 insize=2082 outsize=2282 kw= ok=1
Cmd: preprocess
  insize=2148 outsize=366 ok=1
Cmd: compileSnippet
  api=4 type=0 insize=2082 outsize=1445 kw= ok=1
Cmd: compileSnippet
  api=4 type=1 insize=2082 outsize=2282 kw= ok=1
Cmd: preprocess
  insize=2148 outsize=366 ok=1
Cmd: compileSnippet
  api=4 type=0 insize=2082 outsize=1445 kw= ok=1
Cmd: compileSnippet
  api=4 type=1 insize=2082 outsize=2282 kw= ok=1
Cmd: preprocess
  insize=2140 outsize=366 ok=1
Cmd: compileSnippet
  api=4 type=0 insize=2074 outsize=1445 kw= ok=1
Cmd: compileSnippet
  api=4 type=1 insize=2074 outsize=2322 kw= ok=1
Cmd: preprocess
  insize=2145 outsize=425 ok=1
Cmd: preprocess
  insize=2142 outsize=366 ok=1
Cmd: compileSnippet
  api=4 type=0 insize=2076 outsize=1445 kw= ok=1
Cmd: compileSnippet
  api=4 type=1 insize=2076 outsize=2265 kw= ok=1
Cmd: preprocess
  insize=2166 outsize=366 ok=1
Cmd: compileSnippet
  api=4 type=0 insize=2100 outsize=1445 kw= ok=1
Cmd: compileSnippet
  api=4 type=1 insize=2100 outsize=2347 kw= ok=1
Cmd: preprocess
  insize=2147 outsize=425 ok=1
Cmd: compileSnippet
  api=4 type=0 insize=2024 outsize=1217 kw= ok=1
Cmd: compileSnippet
  api=4 type=1 insize=2024 outsize=2355 kw= ok=1
Cmd: preprocess
  insize=2149 outsize=424 ok=1
Cmd: compileSnippet
  api=4 type=0 insize=2026 outsize=1217 kw= ok=1
Cmd: compileSnippet
  api=4 type=1 insize=2026 outsize=770 kw= ok=1
Cmd: preprocess
  insize=2149 outsize=424 ok=1
Cmd: preprocess
  insize=2166 outsize=366 ok=1
Cmd: compileSnippet
  api=4 type=0 insize=2100 outsize=1445 kw= ok=1
Cmd: compileSnippet
  api=4 type=1 insize=2100 outsize=2347 kw= ok=1
Cmd: preprocess
  insize=2149 outsize=424 ok=1
Cmd: preprocess
  insize=2147 outsize=425 ok=1
Cmd: preprocess
  insize=2147 outsize=425 ok=1
Cmd: preprocess
  insize=2195 outsize=473 ok=1
Cmd: compileSnippet
  api=4 type=0 insize=2024 outsize=1217 kw= ok=1
Cmd: compileSnippet
  api=4 type=1 insize=2024 outsize=2355 kw= ok=1
Cmd: preprocess
  insize=2168 outsize=365 ok=1
Cmd: compileSnippet
  api=4 type=0 insize=2102 outsize=1445 kw= ok=1
Cmd: compileSnippet
  api=4 type=1 insize=2102 outsize=770 kw= ok=1
Cmd: preprocess
  insize=2181 outsize=366 ok=1
Cmd: compileSnippet
  api=4 type=0 insize=2115 outsize=1445 kw= ok=1
Cmd: compileSnippet
  api=4 type=1 insize=2115 outsize=868 kw= ok=1
Cmd: preprocess
  insize=2200 outsize=473 ok=1
Cmd: compileSnippet
  api=4 type=0 insize=2029 outsize=1217 kw= ok=1
Cmd: compileSnippet
  api=4 type=1 insize=2029 outsize=2412 kw= ok=1
Cmd: preprocess
  insize=2182 outsize=366 ok=1
Cmd: compileSnippet
  api=4 type=0 insize=2116 outsize=1445 kw= ok=1
Cmd: compileSnippet
  api=4 type=1 insize=2116 outsize=868 kw= ok=1
Cmd: preprocess
  insize=2188 outsize=461 ok=1
Cmd: preprocess
  insize=2187 outsize=460 ok=1
Cmd: preprocess
  insize=2200 outsize=473 ok=1
Cmd: preprocess
  insize=2204 outsize=473 ok=1
Cmd: compileSnippet
  api=4 type=0 insize=2033 outsize=1217 kw= ok=1
Cmd: compileSnippet
  api=4 type=1 insize=2033 outsize=2322 kw= ok=1
Cmd: preprocess
  insize=2180 outsize=366 ok=1
Cmd: compileSnippet
  api=4 type=0 insize=2114 outsize=1445 kw= ok=1
Cmd: compileSnippet
  api=4 type=1 insize=2114 outsize=2363 kw= ok=1
Cmd: preprocess
  insize=2182 outsize=366 ok=1
Cmd: preprocess
  insize=2204 outsize=473 ok=1
Cmd: preprocess
  insize=2204 outsize=473 ok=1
Cmd: preprocess
  insize=2199 outsize=468 ok=1
